>> Writing PID to tmp/pids/thin.3000.pid
>> Using rails adapter
>> Thin web server (v1.2.7 codename No Hup)
>> Maximum connections set to 1024
>> Listening on 0.0.0.0:3000, CTRL+C to stop
>> Exiting!
/usr/lib/ruby/gems/1.8/gems/eventmachine-0.12.10/lib/eventmachine.rb:572:in `start_tcp_server': no acceptor (RuntimeError)
	from /usr/lib/ruby/gems/1.8/gems/eventmachine-0.12.10/lib/eventmachine.rb:572:in `start_server'
	from /usr/lib/ruby/gems/1.8/gems/thin-1.2.7/lib/thin/backends/tcp_server.rb:16:in `connect'
	from /usr/lib/ruby/gems/1.8/gems/thin-1.2.7/lib/thin/backends/base.rb:49
	from /usr/lib/ruby/gems/1.8/gems/eventmachine-0.12.10/lib/eventmachine.rb:256:in `call'
	from /usr/lib/ruby/gems/1.8/gems/eventmachine-0.12.10/lib/eventmachine.rb:256:in `run_machine'
	from /usr/lib/ruby/gems/1.8/gems/eventmachine-0.12.10/lib/eventmachine.rb:256:in `run'
	from /usr/lib/ruby/gems/1.8/gems/thin-1.2.7/lib/thin/backends/base.rb:57:in `start'
	from /usr/lib/ruby/gems/1.8/gems/thin-1.2.7/lib/thin/server.rb:156:in `start'
	from /usr/lib/ruby/gems/1.8/gems/thin-1.2.7/lib/thin/controllers/controller.rb:80:in `start'
	from /usr/lib/ruby/gems/1.8/gems/thin-1.2.7/lib/thin/runner.rb:177:in `send'
	from /usr/lib/ruby/gems/1.8/gems/thin-1.2.7/lib/thin/runner.rb:177:in `run_command'
	from /usr/lib/ruby/gems/1.8/gems/thin-1.2.7/lib/thin/runner.rb:143:in `run!'
	from /usr/lib/ruby/gems/1.8/gems/thin-1.2.7/bin/thin:6
	from /usr/bin/thin:19:in `load'
	from /usr/bin/thin:19
>> Writing PID to tmp/pids/thin.3000.pid
>> Using rails adapter
>> Thin web server (v1.2.7 codename No Hup)
>> Maximum connections set to 1024
>> Listening on 0.0.0.0:3000, CTRL+C to stop
>> Exiting!
/usr/lib/ruby/gems/1.8/gems/eventmachine-0.12.10/lib/eventmachine.rb:572:in `start_tcp_server': no acceptor (RuntimeError)
	from /usr/lib/ruby/gems/1.8/gems/eventmachine-0.12.10/lib/eventmachine.rb:572:in `start_server'
	from /usr/lib/ruby/gems/1.8/gems/thin-1.2.7/lib/thin/backends/tcp_server.rb:16:in `connect'
	from /usr/lib/ruby/gems/1.8/gems/thin-1.2.7/lib/thin/backends/base.rb:49
	from /usr/lib/ruby/gems/1.8/gems/eventmachine-0.12.10/lib/eventmachine.rb:256:in `call'
	from /usr/lib/ruby/gems/1.8/gems/eventmachine-0.12.10/lib/eventmachine.rb:256:in `run_machine'
	from /usr/lib/ruby/gems/1.8/gems/eventmachine-0.12.10/lib/eventmachine.rb:256:in `run'
	from /usr/lib/ruby/gems/1.8/gems/thin-1.2.7/lib/thin/backends/base.rb:57:in `start'
	from /usr/lib/ruby/gems/1.8/gems/thin-1.2.7/lib/thin/server.rb:156:in `start'
	from /usr/lib/ruby/gems/1.8/gems/thin-1.2.7/lib/thin/controllers/controller.rb:80:in `start'
	from /usr/lib/ruby/gems/1.8/gems/thin-1.2.7/lib/thin/runner.rb:177:in `send'
	from /usr/lib/ruby/gems/1.8/gems/thin-1.2.7/lib/thin/runner.rb:177:in `run_command'
	from /usr/lib/ruby/gems/1.8/gems/thin-1.2.7/lib/thin/runner.rb:143:in `run!'
	from /usr/lib/ruby/gems/1.8/gems/thin-1.2.7/bin/thin:6
	from /usr/bin/thin:19:in `load'
	from /usr/bin/thin:19
